2025-01-15 00:15:20.933009744: Trying to load common config
2025-01-15 00:15:20.941007281: Trying to load client config
2025-01-15 00:15:20.947694845: Config files exist, skipping generation
2025-01-15 00:15:40.051751493: Loaded entity minecraft:zombie as entity.minecraft.zombie with weight 35, min day 0 and max day 20
2025-01-15 00:15:40.05233411: Loaded entity minecraft:zombie_villager as entity.minecraft.zombie_villager with weight 1, min day 0 and max day 20
2025-01-15 00:15:40.052704872: Loaded entity minecraft:zombie_horse as entity.minecraft.zombie_horse with weight 3, min day 20 and max day 40
2025-01-15 00:15:40.053033675: Loaded entity minecraft:husk as entity.minecraft.husk with weight 40, min day 20 and max day 40
2025-01-15 00:15:40.053975311: Loaded entity minecraft:drowned as entity.minecraft.drowned with weight 3, min day 30 and max day 40
2025-01-15 00:15:40.05431205: Loaded entity minecraft:zoglin as entity.minecraft.zoglin with weight 3, min day 40 and max day 40
2025-01-15 00:15:40.054605747: Loaded entity minecraft:zombified_piglin as entity.minecraft.zombified_piglin with weight 10, min day 40 and max day 0
2025-01-15 00:15:40.054910506: Loaded entity minecraft:husk as entity.minecraft.husk with weight 25, min day 50 and max day 0
2025-01-15 00:15:40.079744477: com.mojang.brigadier.exceptions.CommandSyntaxException: Unexpected trailing data at position 60: ...unt:1}]}]}<--[HERE]
2025-01-15 00:15:40.079949079: Failed to read config, null Unexpected trailing data at position 60: ...unt:1}]}]}<--[HERE]
2025-01-15 00:15:40.080505697: com.mojang.brigadier.exceptions.CommandSyntaxException: Unexpected trailing data at position 60: ...unt:1}]}]}<--[HERE]
2025-01-15 00:15:40.080623767: Error parsing nbt for entity minecraft:zoglin{Passengers:[{id:drowned,HandItems:[{id:trident,Count:1}]}]}3-50-0 Unexpected trailing data at position 60: ...unt:1}]}]}<--[HERE]
2025-01-15 00:15:40.081001141: Loaded entity minecraft:zoglin as entity.minecraft.zoglin with weight 50, min day 0 and max day 0
2025-01-15 00:15:40.081304867: com.mojang.brigadier.exceptions.CommandSyntaxException: Unexpected trailing data at position 60: ...unt:1}]}]}<--[HERE]
2025-01-15 00:15:40.081411987: Failed to read config, null Unexpected trailing data at position 60: ...unt:1}]}]}<--[HERE]
2025-01-15 00:15:40.081779002: com.mojang.brigadier.exceptions.CommandSyntaxException: Unexpected trailing data at position 60: ...unt:1}]}]}<--[HERE]
2025-01-15 00:15:40.08188531: Error parsing nbt for entity minecraft:zombie_horse{Passengers:[{id:drowned,HandItems:[{id:trident,Count:1}]}]}3-50-0 Unexpected trailing data at position 60: ...unt:1}]}]}<--[HERE]
2025-01-15 00:15:40.082225595: Loaded entity minecraft:zombie_horse as entity.minecraft.zombie_horse with weight 50, min day 0 and max day 0
2025-01-15 00:15:40.082511749: loaded horde table hordes:default
2025-01-15 00:15:40.082750033: Loaded entity minecraft:zombie as entity.minecraft.zombie with weight 20, min day 0 and max day 20
2025-01-15 00:15:40.082983789: Loaded entity minecraft:skeleton as entity.minecraft.skeleton with weight 10, min day 20 and max day 30
2025-01-15 00:15:40.083202958: Loaded entity minecraft:spider as entity.minecraft.spider with weight 15, min day 20 and max day 30
2025-01-15 00:15:40.083425974: Loaded entity minecraft:creeper as entity.minecraft.creeper with weight 5, min day 30 and max day 30
2025-01-15 00:15:40.083692962: Loaded entity minecraft:husk as entity.minecraft.husk with weight 20, min day 30 and max day 50
2025-01-15 00:15:40.083916859: Loaded entity minecraft:stray as entity.minecraft.stray with weight 10, min day 40 and max day 50
2025-01-15 00:15:40.084140116: Loaded entity minecraft:cave_spider as entity.minecraft.cave_spider with weight 10, min day 40 and max day 50
2025-01-15 00:15:40.084364054: Loaded entity minecraft:witch as entity.minecraft.witch with weight 5, min day 40 and max day 50
2025-01-15 00:15:40.084601817: Loaded entity minecraft:pillager as entity.minecraft.pillager with weight 10, min day 40 and max day 50
2025-01-15 00:15:40.084811959: Loaded entity minecraft:zombified_piglin as entity.minecraft.zombified_piglin with weight 10, min day 40 and max day 50
2025-01-15 00:15:40.085106558: Loaded entity minecraft:zombie_horse as entity.minecraft.zombie_horse with weight 3, min day 40 and max day 50
2025-01-15 00:15:40.085335997: Loaded entity minecraft:wither_skeleton as entity.minecraft.wither_skeleton with weight 10, min day 50 and max day 0
2025-01-15 00:15:40.085559514: Loaded entity minecraft:phantom as entity.minecraft.phantom with weight 5, min day 50 and max day 50
2025-01-15 00:15:40.085769786: Loaded entity minecraft:vindicator as entity.minecraft.vindicator with weight 10, min day 50 and max day 50
2025-01-15 00:15:40.085978405: Loaded entity minecraft:zoglin as entity.minecraft.zoglin with weight 5, min day 40 and max day 40
2025-01-15 00:15:40.086192314: Loaded entity minecraft:ravager as entity.minecraft.ravager with weight 5, min day 50 and max day 50
2025-01-15 00:15:40.086449494: Loaded entity minecraft:evoker as entity.minecraft.evoker with weight 5, min day 50 and max day 50
2025-01-15 00:15:40.086671497: Loaded entity minecraft:piglin_brute as entity.minecraft.piglin_brute with weight 10, min day 60 and max day 0
2025-01-15 00:15:40.086956078: Loaded entity minecraft:cave_spider as entity.minecraft.cave_spider with weight 15, min day 60 and max day 0
2025-01-15 00:15:40.087206315: Loaded entity minecraft:zombie_horse as entity.minecraft.zombie_horse with weight 5, min day 60 and max day 0
2025-01-15 00:15:40.087434801: Loaded entity minecraft:ravager as entity.minecraft.ravager with weight 3, min day 60 and max day 0
2025-01-15 00:15:40.087665882: Loaded entity minecraft:phantom as entity.minecraft.phantom with weight 3, min day 60 and max day 0
2025-01-15 00:15:40.087863311: loaded horde table hordes:mixed_mobs
2025-01-15 00:15:40.088064225: Loaded entity minecraft:pillager as entity.minecraft.pillager with weight 15, min day 0 and max day 0
2025-01-15 00:15:40.088262876: Loaded entity minecraft:vindicator as entity.minecraft.vindicator with weight 10, min day 0 and max day 0
2025-01-15 00:15:40.08845788: Loaded entity minecraft:witch as entity.minecraft.witch with weight 5, min day 20 and max day 0
2025-01-15 00:15:40.088689962: Loaded entity minecraft:ravager as entity.minecraft.ravager with weight 5, min day 30 and max day 40
2025-01-15 00:15:40.088890547: Loaded entity minecraft:evoker as entity.minecraft.evoker with weight 3, min day 40 and max day 40
2025-01-15 00:15:40.089099727: Loaded entity minecraft:illusioner as entity.minecraft.illusioner with weight 5, min day 50 and max day 0
2025-01-15 00:15:40.089314988: Loaded entity minecraft:ravager as entity.minecraft.ravager with weight 3, min day 50 and max day 0
2025-01-15 00:15:40.089534538: Loaded entity minecraft:ravager as entity.minecraft.ravager with weight 5, min day 50 and max day 0
2025-01-15 00:15:40.089726266: loaded horde table hordes:illagers
2025-01-15 00:15:40.08992731: Loaded entity minecraft:skeleton as entity.minecraft.skeleton with weight 10, min day 0 and max day 20
2025-01-15 00:15:40.090162028: Loaded entity minecraft:skeleton as entity.minecraft.skeleton with weight 20, min day 0 and max day 30
2025-01-15 00:15:40.090407787: Loaded entity minecraft:skeleton_horse as entity.minecraft.skeleton_horse with weight 5, min day 20 and max day 50
2025-01-15 00:15:40.090612929: Loaded entity minecraft:stray as entity.minecraft.stray with weight 10, min day 20 and max day 0
2025-01-15 00:15:40.090808815: Loaded entity minecraft:wither_skeleton as entity.minecraft.wither_skeleton with weight 10, min day 40 and max day 0
2025-01-15 00:15:40.091050886: Loaded entity minecraft:skeleton_horse as entity.minecraft.skeleton_horse with weight 5, min day 40 and max day 0
2025-01-15 00:15:40.091252763: loaded horde table hordes:skeletons
2025-01-15 00:15:40.091482141: Loaded entity minecraft:zombie as entity.minecraft.zombie with weight 1, min day 0 and max day 0
2025-01-15 00:15:40.091696581: loaded horde table hordes:fallback
2025-01-15 00:15:40.096909244: loaded horde script hordes:default
