[01:02:25] [ServerMain/INFO]: Environment: authHost='https://authserver.mojang.com', accountsHost='https://api.mojang.com', sessionHost='https://sessionserver.mojang.com', servicesHost='https://api.minecraftservices.com', name='PROD'
[01:02:27] [ServerMain/INFO]: Loaded 7 recipes
[01:02:27] [ServerMain/INFO]: Loaded 1271 advancements
[01:02:28] [Server thread/INFO]: Starting minecraft server version 1.20.1
[01:02:28] [Server thread/INFO]: Loading properties
[01:02:28] [Server thread/INFO]: Default game type: SURVIVAL
[01:02:28] [Server thread/INFO]: Generating keypair
[01:02:28] [Server thread/INFO]: Starting Minecraft server on *:25565
[01:02:28] [Server thread/INFO]: Using epoll channel type
[01:02:28] [Server thread/WARN]: **** SERVER IS RUNNING IN OFFLINE/INSECURE MODE!
[01:02:28] [Server thread/WARN]: The server will make no attempt to authenticate usernames. Beware.
[01:02:28] [Server thread/WARN]: While this makes the game possible to play without internet access, it also opens up the ability for hackers to connect with any username they choose.
[01:02:28] [Server thread/WARN]: To change this, set "online-mode" to "true" in the server.properties file.
[01:02:28] [Server thread/INFO]: Preparing level "world"
[01:02:31] [Server thread/INFO]: Preparing start region for dimension minecraft:overworld
[01:02:34] [Worker-Main-3/INFO]: Preparing spawn area: 0%
[01:02:34] [Worker-Main-1/INFO]: Preparing spawn area: 0%
[01:02:34] [Worker-Main-2/INFO]: Preparing spawn area: 0%
[01:02:34] [Worker-Main-1/INFO]: Preparing spawn area: 0%
[01:02:34] [Worker-Main-2/INFO]: Preparing spawn area: 0%
[01:02:34] [Worker-Main-1/INFO]: Preparing spawn area: 0%
[01:02:35] [Worker-Main-1/INFO]: Preparing spawn area: 0%
[01:02:35] [Worker-Main-1/INFO]: Preparing spawn area: 0%
[01:02:35] [Worker-Main-1/INFO]: Preparing spawn area: 0%
[01:02:36] [Worker-Main-3/INFO]: Preparing spawn area: 0%
[01:02:36] [Worker-Main-3/INFO]: Preparing spawn area: 10%
[01:02:37] [Worker-Main-2/INFO]: Preparing spawn area: 48%
[01:02:37] [Server thread/INFO]: Time elapsed: 5840 ms
[01:02:37] [Server thread/INFO]: Done (8.999s)! For help, type "help"
